<?xml version="1.0" encoding="UTF-8"?>
<testsuite xmlns:xsi="http://www.w3.org/2001/XMLSchema-instance" xsi:noNamespaceSchemaLocation="https://maven.apache.org/surefire/maven-surefire-plugin/xsd/surefire-test-report-3.0.xsd" version="3.0" name="com.beatriz.twittercloneproject.TwitterCloneProjectApplicationTests" time="9.754" tests="1" errors="0" skipped="0" failures="0">
  <properties>
[...]
</properties>
  <testcase name="contextLoads" classname="com.beatriz.twittercloneproject.TwitterCloneProjectApplicationTests" time="0.729">
    <system-out><![CDATA[18:02:14.072 [main] INFO org.springframework.test.context.support.AnnotationConfigContextLoaderUtils -- Could not detect default configuration classes for test class [com.beatriz.twittercloneproject.TwitterCloneProjectApplicationTests]: TwitterCloneProjectApplicationTests does not declare any static, non-private, non-final, nested classes annotated with @Configuration.
18:02:14.305 [main] INFO org.springframework.boot.test.context.SpringBootTestContextBootstrapper -- Found @SpringBootConfiguration com.beatriz.twittercloneproject.TwitterCloneProjectApplication for test class com.beatriz.twittercloneproject.TwitterCloneProjectApplicationTests

  .   ____          _            __ _ _
 /\\ / ___'_ __ _ _(_)_ __  __ _ \ \ \ \
( ( )\___ | '_ | '_| | '_ \/ _` | \ \ \ \
 \\/  ___)| |_)| | | | | || (_| |  ) ) ) )
  '  |____| .__|_| |_|_| |_\__, | / / / /
 =========|_|==============|___/=/_/_/_/
 :: Spring Boot ::                (v3.1.3)

2023-10-14T18:02:15.062+01:00  INFO 1600 --- [           main] .b.t.TwitterCloneProjectApplicationTests : Starting TwitterCloneProjectApplicationTests using Java 19.0.2 with PID 1600 (started by Beatr in C:\Users\Beatr\IdeaProjects\projectPhase3-BackEnd)
2023-10-14T18:02:15.065+01:00  INFO 1600 --- [           main] .b.t.TwitterCloneProjectApplicationTests : No active profile set, falling back to 1 default profile: "default"
2023-10-14T18:02:16.196+01:00  INFO 1600 --- [           main] .s.d.r.c.RepositoryConfigurationDelegate : Bootstrapping Spring Data JPA repositories in DEFAULT mode.
2023-10-14T18:02:16.337+01:00  INFO 1600 --- [           main] .s.d.r.c.RepositoryConfigurationDelegate : Finished Spring Data repository scanning in 125 ms. Found 6 JPA repository interfaces.
2023-10-14T18:02:17.208+01:00  INFO 1600 --- [           main] o.hibernate.jpa.internal.util.LogHelper  : HHH000204: Processing PersistenceUnitInfo [name: default]
2023-10-14T18:02:17.328+01:00  INFO 1600 --- [           main] org.hibernate.Version                    : HHH000412: Hibernate ORM core version 6.2.7.Final
2023-10-14T18:02:17.331+01:00  INFO 1600 --- [           main] org.hibernate.cfg.Environment            : HHH000406: Using bytecode reflection optimizer
2023-10-14T18:02:17.652+01:00  INFO 1600 --- [           main] o.h.b.i.BytecodeProviderInitiator        : HHH000021: Bytecode provider name : bytebuddy
2023-10-14T18:02:18.010+01:00  INFO 1600 --- [           main] o.s.o.j.p.SpringPersistenceUnitInfo      : No LoadTimeWeaver setup: ignoring JPA class transformer
2023-10-14T18:02:18.044+01:00  INFO 1600 --- [           main] com.zaxxer.hikari.HikariDataSource       : HikariPool-1 - Starting...
2023-10-14T18:02:18.669+01:00  INFO 1600 --- [           main] com.zaxxer.hikari.pool.HikariPool        : HikariPool-1 - Added connection com.mysql.cj.jdbc.ConnectionImpl@5b665a30
2023-10-14T18:02:18.672+01:00  INFO 1600 --- [           main] com.zaxxer.hikari.HikariDataSource       : HikariPool-1 - Start completed.
2023-10-14T18:02:19.265+01:00  INFO 1600 --- [           main] o.h.b.i.BytecodeProviderInitiator        : HHH000021: Bytecode provider name : bytebuddy
2023-10-14T18:02:20.408+01:00  INFO 1600 --- [           main] o.h.e.t.j.p.i.JtaPlatformInitiator       : HHH000490: Using JtaPlatform implementation: [org.hibernate.engine.transaction.jta.platform.internal.NoJtaPlatform]
Hibernate: alter table comment_entity modify column created_date  datetime(6)
Hibernate: alter table refresh_token_entity modify column created_date  datetime(6)
Hibernate: alter table retweet_entity modify column created_date  datetime(6)
Hibernate: alter table tweet_entity modify column created_date  datetime(6)
Hibernate: alter table user_entity modify column profile_pic  BLOB
2023-10-14T18:02:20.741+01:00  INFO 1600 --- [           main] j.LocalContainerEntityManagerFactoryBean : Initialized JPA EntityManagerFactory for persistence unit 'default'
2023-10-14T18:02:21.826+01:00  WARN 1600 --- [           main] JpaBaseConfiguration$JpaWebConfiguration : spring.jpa.open-in-view is enabled by default. Therefore, database queries may be performed during view rendering. Explicitly configure spring.jpa.open-in-view to disable this warning
2023-10-14T18:02:22.076+01:00  INFO 1600 --- [           main] o.s.s.web.DefaultSecurityFilterChain     : Will secure any request with [org.springframework.security.web.session.DisableEncodeUrlFilter@399acce3, org.springframework.security.web.context.request.async.WebAsyncManagerIntegrationFilter@18c432ed, org.springframework.security.web.context.SecurityContextHolderFilter@59301546, org.springframework.security.web.header.HeaderWriterFilter@15324f25, org.springframework.security.web.authentication.logout.LogoutFilter@2284058a, org.springframework.security.oauth2.server.resource.web.authentication.BearerTokenAuthenticationFilter@c22cf4d, org.springframework.security.web.savedrequest.RequestCacheAwareFilter@363d29dd, org.springframework.security.web.servletapi.SecurityContextHolderAwareRequestFilter@19b4dd60, org.springframework.security.web.authentication.AnonymousAuthenticationFilter@206de1f, org.springframework.security.web.session.SessionManagementFilter@69f55ea, org.springframework.security.web.access.ExceptionTranslationFilter@d4dbb34, org.springframework.security.web.access.intercept.FilterSecurityInterceptor@2ded31cc]
2023-10-14T18:02:22.715+01:00  INFO 1600 --- [           main] .b.t.TwitterCloneProjectApplicationTests : Started TwitterCloneProjectApplicationTests in 8.069 seconds (process running for 9.913)
]]></system-out>
  </testcase>
</testsuite>